<?xml version="1.0" encoding="UTF-8" ?>
<testsuite tests="11" failures="3" name="TestSuite" time="310.538" errors="0" skipped="6">
  <properties>
[...]
</properties>
  <testcase classname="testscripts.TestActitimeLogin" name="testLoginWithValidData" time="4.978"/>
  <testcase classname="testscripts.TestActitime_Task" name="testTaskCreation" time="0.001"/>
  <testcase classname="testscripts.TestActitime_Task" name="postcondition" time="40.259">
    <failure message="Expected condition failed: waiting for element to be clickable: Proxy element for: DefaultElementLocator &apos;By.id: loginButton&apos; (tried for 20 second(s) with 500 milliseconds interval)" type="org.openqa.selenium.TimeoutException">org.openqa.selenium.TimeoutException: Expected condition failed: waiting for element to be clickable: Proxy element for: DefaultElementLocator &apos;By.id: loginButton&apos; (tried for 20 second(s) with 500 milliseconds interval)
	at org.openqa.selenium.support.ui.WebDriverWait.timeoutException(WebDriverWait.java:95)
	at org.openqa.selenium.support.ui.FluentWait.until(FluentWait.java:272)
	at utilities.SeleniumUtility.waitForElementToBeClickable(SeleniumUtility.java:258)
	at utilities.SeleniumUtility.clickOnElement(SeleniumUtility.java:83)
	at webpages.ActitimeLoginPage.clickOnLoginButton(ActitimeLoginPage.java:32)
	at testscripts.TestActitime_Task.postcondition(TestActitime_Task.java:40)
Caused by: org.openqa.selenium.NoSuchElementException: no such element: Unable to locate element: {&quot;method&quot;:&quot;css selector&quot;,&quot;selector&quot;:&quot;#loginButton&quot;}
  (Session info: chrome=113.0.5672.93)
For documentation on this error, please visit: https://www.seleniumhq.org/exceptions/no_such_element.html
Build info: version: &apos;3.141.59&apos;, revision: &apos;e82be7d358&apos;, time: &apos;2018-11-14T08:17:03&apos;
System info: host: &apos;DESKTOP-LLLGMOJ&apos;, ip: &apos;192.168.1.4&apos;, os.name: &apos;Windows 10&apos;, os.arch: &apos;amd64&apos;, os.version: &apos;10.0&apos;, java.version: &apos;17.0.4.1&apos;
Driver info: org.openqa.selenium.chrome.ChromeDriver
Capabilities {acceptInsecureCerts: false, browserName: chrome, browserVersion: 113.0.5672.93, chrome: {chromedriverVersion: 113.0.5672.63 (0e1a4471d5ae..., userDataDir: C:\Users\Asus\AppData\Local...}, goog:chromeOptions: {debuggerAddress: localhost:53717}, javascriptEnabled: true, networkConnectionEnabled: false, pageLoadStrategy: normal, platform: WINDOWS, platformName: WINDOWS, proxy: Proxy(), setWindowRect: true, strictFileInteractability: false, timeouts: {implicit: 0, pageLoad: 300000, script: 30000}, unhandledPromptBehavior: dismiss and notify, webauthn:extension:credBlob: true, webauthn:extension:largeBlob: true, webauthn:extension:minPinLength: true, webauthn:extension:prf: true, webauthn:virtualAuthenticators: true}
Session ID: 93fe9fe0b239698fcb82ada8bbb5b359
*** Element info: {Using=id, value=loginButton}
	at java.base/jdk.internal.reflect.NativeConstructorAccessorImpl.newInstance0(Native Method)
	at java.base/jdk.internal.reflect.NativeConstructorAccessorImpl.newInstance(NativeConstructorAccessorImpl.java:77)
	at java.base/jdk.internal.reflect.DelegatingConstructorAccessorImpl.newInstance(DelegatingConstructorAccessorImpl.java:45)
	at java.base/java.lang.reflect.Constructor.newInstanceWithCaller(Constructor.java:499)
	at java.base/java.lang.reflect.Constructor.newInstance(Constructor.java:480)
	at org.openqa.selenium.remote.http.W3CHttpResponseCodec.createException(W3CHttpResponseCodec.java:187)
	at org.openqa.selenium.remote.http.W3CHttpResponseCodec.decode(W3CHttpResponseCodec.java:122)
	at org.openqa.selenium.remote.http.W3CHttpResponseCodec.decode(W3CHttpResponseCodec.java:49)
	at org.openqa.selenium.remote.HttpCommandExecutor.execute(HttpCommandExecutor.java:158)
	at org.openqa.selenium.remote.service.DriverCommandExecutor.execute(DriverCommandExecutor.java:83)
	at org.openqa.selenium.remote.RemoteWebDriver.execute(RemoteWebDriver.java:552)
	at org.openqa.selenium.remote.RemoteWebDriver.findElement(RemoteWebDriver.java:323)
	at org.openqa.selenium.remote.RemoteWebDriver.findElementById(RemoteWebDriver.java:372)
	at org.openqa.selenium.By$ById.findElement(By.java:188)
	at org.openqa.selenium.remote.RemoteWebDriver.findElement(RemoteWebDriver.java:315)
	at org.openqa.selenium.support.pagefactory.DefaultElementLocator.findElement(DefaultElementLocator.java:69)
	at org.openqa.selenium.support.pagefactory.internal.LocatingElementHandler.invoke(LocatingElementHandler.java:38)
	at jdk.proxy2/jdk.proxy2.$Proxy12.isDisplayed(Unknown Source)
	at org.openqa.selenium.support.ui.ExpectedConditions.elementIfVisible(ExpectedConditions.java:314)
	at org.openqa.selenium.support.ui.ExpectedConditions.access$000(ExpectedConditions.java:43)
	at org.openqa.selenium.support.ui.ExpectedConditions$10.apply(ExpectedConditions.java:300)
	at org.openqa.selenium.support.ui.ExpectedConditions$10.apply(ExpectedConditions.java:297)
	at org.openqa.selenium.support.ui.ExpectedConditions$23.apply(ExpectedConditions.java:670)
	at org.openqa.selenium.support.ui.ExpectedConditions$23.apply(ExpectedConditions.java:666)
	at org.openqa.selenium.support.ui.FluentWait.until(FluentWait.java:249)
	... 41 more
</failure>
  </testcase>
  <testcase classname="testscripts.TestActitime_Task" name="precondition" time="40.259">
    <skipped/>
  </testcase>
  <testcase classname="testscripts.TestActitime_Task" name="testTaskDeletion" time="40.26">
    <skipped/>
  </testcase>
  <testcase classname="testscripts.TestActitime_Task" name="postcondition" time="40.26">
    <skipped/>
  </testcase>
  <testcase classname="testscripts.TestActitime_Task" name="precondition" time="40.26">
    <skipped/>
  </testcase>
  <testcase classname="testscripts.TestActitime_Task" name="testTaskStatusUpdate" time="40.26">
    <skipped/>
  </testcase>
  <testcase classname="testscripts.TestActitime_Task" name="postcondition" time="40.26">
    <skipped/>
  </testcase>
  <testcase classname="testscripts.TestOrangeHRMLoginLogout" name="testLoginLogout" time="0.597">
    <failure message="Home page not opened expected [true] but found [false]" type="java.lang.AssertionError">java.lang.AssertionError: Home page not opened expected [true] but found [false]
	at org.testng.Assert.fail(Assert.java:96)
	at org.testng.Assert.failNotEquals(Assert.java:776)
	at org.testng.Assert.assertTrue(Assert.java:44)
	at testscripts.TestOrangeHRMLoginLogout.testLoginLogout(TestOrangeHRMLoginLogout.java:31)
</failure>
  </testcase>
  <testcase classname="testscripts.TestOrangeHRMLoginLogout" name="postCondition" time="23.144">
    <failure message="Expected condition failed: waiting for element to be clickable: [[ChromeDriver: chrome on WINDOWS (ccfba8e5d903fe7e79c5cc646324f2bf)] -&gt; xpath: //a[text()=&apos;Logout&apos;]] (tried for 20 second(s) with 500 milliseconds interval)
Build info: version: &apos;3.141.59&apos;, revision: &apos;e82be7d358&apos;, time: &apos;2018-11-14T08:17:03&apos;
System info: host: &apos;DESKTOP-LLLGMOJ&apos;, ip: &apos;192.168.1.4&apos;, os.name: &apos;Windows 10&apos;, os.arch: &apos;amd64&apos;, os.version: &apos;10.0&apos;, java.version: &apos;17.0.4.1&apos;
Driver info: org.openqa.selenium.chrome.ChromeDriver
Capabilities {acceptInsecureCerts: false, browserName: chrome, browserVersion: 113.0.5672.93, chrome: {chromedriverVersion: 113.0.5672.63 (0e1a4471d5ae..., userDataDir: C:\Users\Asus\AppData\Local...}, goog:chromeOptions: {debuggerAddress: localhost:53717}, javascriptEnabled: true, networkConnectionEnabled: false, pageLoadStrategy: normal, platform: WINDOWS, platformName: WINDOWS, proxy: Proxy(), setWindowRect: true, strictFileInteractability: false, timeouts: {implicit: 0, pageLoad: 300000, script: 30000}, unhandledPromptBehavior: dismiss and notify, webauthn:extension:credBlob: true, webauthn:extension:largeBlob: true, webauthn:extension:minPinLength: true, webauthn:extension:prf: true, webauthn:virtualAuthenticators: true}
Session ID: 93fe9fe0b239698fcb82ada8bbb5b359" type="org.openqa.selenium.TimeoutException">org.openqa.selenium.TimeoutException: Expected condition failed: waiting for element to be clickable: [[ChromeDriver: chrome on WINDOWS (ccfba8e5d903fe7e79c5cc646324f2bf)] -&gt; xpath: //a[text()=&apos;Logout&apos;]] (tried for 20 second(s) with 500 milliseconds interval)
Build info: version: &apos;3.141.59&apos;, revision: &apos;e82be7d358&apos;, time: &apos;2018-11-14T08:17:03&apos;
System info: host: &apos;DESKTOP-LLLGMOJ&apos;, ip: &apos;192.168.1.4&apos;, os.name: &apos;Windows 10&apos;, os.arch: &apos;amd64&apos;, os.version: &apos;10.0&apos;, java.version: &apos;17.0.4.1&apos;
Driver info: org.openqa.selenium.chrome.ChromeDriver
Capabilities {acceptInsecureCerts: false, browserName: chrome, browserVersion: 113.0.5672.93, chrome: {chromedriverVersion: 113.0.5672.63 (0e1a4471d5ae..., userDataDir: C:\Users\Asus\AppData\Local...}, goog:chromeOptions: {debuggerAddress: localhost:53717}, javascriptEnabled: true, networkConnectionEnabled: false, pageLoadStrategy: normal, platform: WINDOWS, platformName: WINDOWS, proxy: Proxy(), setWindowRect: true, strictFileInteractability: false, timeouts: {implicit: 0, pageLoad: 300000, script: 30000}, unhandledPromptBehavior: dismiss and notify, webauthn:extension:credBlob: true, webauthn:extension:largeBlob: true, webauthn:extension:minPinLength: true, webauthn:extension:prf: true, webauthn:virtualAuthenticators: true}
Session ID: 93fe9fe0b239698fcb82ada8bbb5b359
	at org.openqa.selenium.support.ui.WebDriverWait.timeoutException(WebDriverWait.java:95)
	at org.openqa.selenium.support.ui.FluentWait.until(FluentWait.java:272)
	at utilities.SeleniumUtility.waitForElementToBeClickable(SeleniumUtility.java:258)
	at utilities.SeleniumUtility.clickOnElement(SeleniumUtility.java:83)
	at webpages.OrangeHRM_DashboardPage.logoutFromApplication(OrangeHRM_DashboardPage.java:26)
	at testscripts.TestOrangeHRMLoginLogout.postCondition(TestOrangeHRMLoginLogout.java:36)
</failure>
    <system-err>log4j:WARN No appenders could be found for logger (org.apache.http.impl.conn.PoolingHttpClientConnectionManager).
log4j:WARN Please initialize the log4j system properly.
</system-err>
  </testcase>
</testsuite>