<?xml version="1.0" encoding="UTF-8"?>
<!-- Generated by org.testng.reporters.JUnitXMLReporter -->
<testsuite hostname="DESKTOP-LLLGMOJ" failures="0" tests="3" name="Default test" time="40.077" errors="0" timestamp="28 May 2023 03:10:56 GMT">
  <testcase classname="runner.TestRunner" name="runScenario" time="14.071"/>
  <testcase classname="runner.TestRunner" name="runScenario" time="8.611"/>
  <testcase classname="runner.TestRunner" name="runScenario" time="14.27"/>
</testsuite> <!-- Default test -->
