<?xml version="1.0" encoding="UTF-8"?>
<testng-results total="3" passed="3" failed="0" skipped="0">
  <reporter-output>
  </reporter-output>
  <suite started-at="2023-05-28T03:10:16Z" name="Default suite" finished-at="2023-05-28T03:10:56Z" duration-ms="40077">
    <groups>
      <group name="cucumber">
        <method signature="AbstractTestNGCucumberTests.runScenario(io.cucumber.testng.PickleWrapper, io.cucumber.testng.FeatureWrapper)[pri:0, instance:runner.TestRunner@6f10d5b6]" name="runScenario" class="io.cucumber.testng.AbstractTestNGCucumberTests"/>
      </group> <!-- cucumber -->
    </groups>
    <test started-at="2023-05-28T03:10:16Z" name="Default test" finished-at="2023-05-28T03:10:56Z" duration-ms="40077">
      <class name="runner.TestRunner">
        <test-method is-config="true" signature="setUpClass()[pri:0, instance:runner.TestRunner@6f10d5b6]" started-at="2023-05-28T08:40:16Z" name="setUpClass" finished-at="2023-05-28T08:40:17Z" duration-ms="1083" status="PASS">
          <reporter-output>
          </reporter-output>
        </test-method> <!-- setUpClass -->
        <test-method signature="runScenario(io.cucumber.testng.PickleWrapper, io.cucumber.testng.FeatureWrapper)[pri:0, instance:runner.TestRunner@6f10d5b6]" started-at="2023-05-28T08:40:17Z" name="runScenario" description="Runs Cucumber Scenarios" data-provider="scenarios" finished-at="2023-05-28T08:40:31Z" duration-ms="14071" status="PASS">
          <params>
            <param index="0">
              <value>
                <![CDATA["validate acititime login with valid data as admin and manager"]]>
              </value>
            </param>
            <param index="1">
              <value>
                <![CDATA["Optional[Verify actitime login functionality]"]]>
              </value>
            </param>
          </params>
          <reporter-output>
          </reporter-output>
        </test-method> <!-- runScenario -->
        <test-method signature="runScenario(io.cucumber.testng.PickleWrapper, io.cucumber.testng.FeatureWrapper)[pri:0, instance:runner.TestRunner@6f10d5b6]" started-at="2023-05-28T08:40:31Z" name="runScenario" description="Runs Cucumber Scenarios" data-provider="scenarios" finished-at="2023-05-28T08:40:40Z" duration-ms="8611" status="PASS">
          <params>
            <param index="0">
              <value>
                <![CDATA["validate acititime login with invalid data as Admin and Manager"]]>
              </value>
            </param>
            <param index="1">
              <value>
                <![CDATA["Optional[Verify actitime login functionality]"]]>
              </value>
            </param>
          </params>
          <reporter-output>
          </reporter-output>
        </test-method> <!-- runScenario -->
        <test-method signature="runScenario(io.cucumber.testng.PickleWrapper, io.cucumber.testng.FeatureWrapper)[pri:0, instance:runner.TestRunner@6f10d5b6]" started-at="2023-05-28T08:40:40Z" name="runScenario" description="Runs Cucumber Scenarios" data-provider="scenarios" finished-at="2023-05-28T08:40:54Z" duration-ms="14270" status="PASS">
          <params>
            <param index="0">
              <value>
                <![CDATA["validate acititime login with invalid data as null and null"]]>
              </value>
            </param>
            <param index="1">
              <value>
                <![CDATA["Optional[Verify actitime login functionality]"]]>
              </value>
            </param>
          </params>
          <reporter-output>
          </reporter-output>
        </test-method> <!-- runScenario -->
        <test-method is-config="true" signature="tearDownClass()[pri:0, instance:runner.TestRunner@6f10d5b6]" started-at="2023-05-28T08:40:54Z" name="tearDownClass" finished-at="2023-05-28T08:40:56Z" duration-ms="2013" status="PASS">
          <reporter-output>
          </reporter-output>
        </test-method> <!-- tearDownClass -->
      </class> <!-- runner.TestRunner -->
    </test> <!-- Default test -->
  </suite> <!-- Default suite -->
</testng-results>
